<?xml version="1.0" encoding="UTF-8"?>
<!-- Generated by org.testng.reporters.JUnitXMLReporter -->
<testsuite ignored="0" hostname="LAPTOP-QS2T60H5" failures="1" tests="2" name="Test" time="12.472" errors="0" timestamp="2023-02-09T04:20:20 EST">
  <testcase classname="GridDemo.NkTech" name="amzonLogin" time="0.675">
    <failure type="org.openqa.selenium.SessionNotCreatedException" message="Could not start a new session. Could not start a new session. Error while creating session with the driver service. Stopping driver service: Could not start a new session. Response code 500. Message: Expected browser binary location, but unable to find binary in default location, no &amp;apos;moz:firefoxOptions.binary&amp;apos; capability provided, and no binary flag set on the command line 
Host info: host: &amp;apos;LAPTOP-QS2T60H5&amp;apos;, ip: &amp;apos;192.168.1.38&amp;apos;
Build info: version: &amp;apos;4.8.0&amp;apos;, revision: &amp;apos;267030adea&amp;apos;
System info: os.name: &amp;apos;Windows 10&amp;apos;, os.arch: &amp;apos;amd64&amp;apos;, os.version: &amp;apos;10.0&amp;apos;, java.version: &amp;apos;1.8.0_231&amp;apos;
Driver info: driver.version: unknown
Build info: version: &amp;apos;4.8.0&amp;apos;, revision: &amp;apos;267030adea&amp;apos;
System info: os.name: &amp;apos;Windows 10&amp;apos;, os.arch: &amp;apos;amd64&amp;apos;, os.version: &amp;apos;10.0&amp;apos;, java.version: &amp;apos;1.8.0_231&amp;apos;
Driver info: driver.version: unknown
Build info: version: &amp;apos;4.8.0&amp;apos;, revision: &amp;apos;267030adea&amp;apos;
System info: os.name: &amp;apos;Windows 10&amp;apos;, os.arch: &amp;apos;amd64&amp;apos;, os.version: &amp;apos;10.0&amp;apos;, java.version: &amp;apos;1.8.0_231&amp;apos;
Driver info: driver.version: unknown
Build info: version: &amp;apos;3.141.59&amp;apos;, revision: &amp;apos;e82be7d358&amp;apos;, time: &amp;apos;2018-11-14T08:25:53&amp;apos;
System info: host: &amp;apos;LAPTOP-QS2T60H5&amp;apos;, ip: &amp;apos;192.168.1.38&amp;apos;, os.name: &amp;apos;Windows 10&amp;apos;, os.arch: &amp;apos;amd64&amp;apos;, os.version: &amp;apos;10.0&amp;apos;, java.version: &amp;apos;17.0.1&amp;apos;
Driver info: driver.version: RemoteWebDriver
remote stacktrace: [{fileName=RemoteNode.java, nativeMethod=false, methodName=newSession, className=org.openqa.selenium.grid.node.remote.RemoteNode, lineNumber=150}, {fileName=LocalDistributor.java, nativeMethod=false, methodName=startSession, className=org.openqa.selenium.grid.distributor.local.LocalDistributor, lineNumber=645}, {fileName=LocalDistributor.java, nativeMethod=false, methodName=newSession, className=org.openqa.selenium.grid.distributor.local.LocalDistributor, lineNumber=564}, {fileName=LocalDistributor.java, nativeMethod=false, methodName=handleNewSessionRequest, className=org.openqa.selenium.grid.distributor.local.LocalDistributor$NewSessionRunnable, lineNumber=818}, {fileName=LocalDistributor.java, nativeMethod=false, methodName=lambda$run$1, className=org.openqa.selenium.grid.distributor.local.LocalDistributor$NewSessionRunnable, lineNumber=779}, {fileName=null, nativeMethod=false, methodName=runWorker, className=java.util.concurrent.ThreadPoolExecutor, lineNumber=-1}, {fileName=null, nativeMethod=false, methodName=run, className=java.util.concurrent.ThreadPoolExecutor$Worker, lineNumber=-1}, {fileName=null, nativeMethod=false, methodName=run, className=java.lang.Thread, lineNumber=-1}]">
      <![CDATA[org.openqa.selenium.SessionNotCreatedException: Could not start a new session. Could not start a new session. Error while creating session with the driver service. Stopping driver service: Could not start a new session. Response code 500. Message: Expected browser binary location, but unable to find binary in default location, no 'moz:firefoxOptions.binary' capability provided, and no binary flag set on the command line 
Host info: host: 'LAPTOP-QS2T60H5', ip: '192.168.1.38'
Build info: version: '4.8.0', revision: '267030adea'
System info: os.name: 'Windows 10', os.arch: 'amd64', os.version: '10.0', java.version: '1.8.0_231'
Driver info: driver.version: unknown
Build info: version: '4.8.0', revision: '267030adea'
System info: os.name: 'Windows 10', os.arch: 'amd64', os.version: '10.0', java.version: '1.8.0_231'
Driver info: driver.version: unknown
Build info: version: '4.8.0', revision: '267030adea'
System info: os.name: 'Windows 10', os.arch: 'amd64', os.version: '10.0', java.version: '1.8.0_231'
Driver info: driver.version: unknown
Build info: version: '3.141.59', revision: 'e82be7d358', time: '2018-11-14T08:25:53'
System info: host: 'LAPTOP-QS2T60H5', ip: '192.168.1.38', os.name: 'Windows 10', os.arch: 'amd64', os.version: '10.0', java.version: '17.0.1'
Driver info: driver.version: RemoteWebDriver
remote stacktrace: [{fileName=RemoteNode.java, nativeMethod=false, methodName=newSession, className=org.openqa.selenium.grid.node.remote.RemoteNode, lineNumber=150}, {fileName=LocalDistributor.java, nativeMethod=false, methodName=startSession, className=org.openqa.selenium.grid.distributor.local.LocalDistributor, lineNumber=645}, {fileName=LocalDistributor.java, nativeMethod=false, methodName=newSession, className=org.openqa.selenium.grid.distributor.local.LocalDistributor, lineNumber=564}, {fileName=LocalDistributor.java, nativeMethod=false, methodName=handleNewSessionRequest, className=org.openqa.selenium.grid.distributor.local.LocalDistributor$NewSessionRunnable, lineNumber=818}, {fileName=LocalDistributor.java, nativeMethod=false, methodName=lambda$run$1, className=org.openqa.selenium.grid.distributor.local.LocalDistributor$NewSessionRunnable, lineNumber=779}, {fileName=null, nativeMethod=false, methodName=runWorker, className=java.util.concurrent.ThreadPoolExecutor, lineNumber=-1}, {fileName=null, nativeMethod=false, methodName=run, className=java.util.concurrent.ThreadPoolExecutor$Worker, lineNumber=-1}, {fileName=null, nativeMethod=false, methodName=run, className=java.lang.Thread, lineNumber=-1}]
at org.openqa.selenium.remote.W3CHandshakeResponse.lambda$errorHandler$0(W3CHandshakeResponse.java:62)
at org.openqa.selenium.remote.HandshakeResponse.lambda$getResponseFunction$0(HandshakeResponse.java:30)
at org.openqa.selenium.remote.ProtocolHandshake.lambda$createSession$0(ProtocolHandshake.java:126)
at java.base/java.util.stream.ReferencePipeline$3$1.accept(ReferencePipeline.java:197)
at java.base/java.util.Spliterators$ArraySpliterator.tryAdvance(Spliterators.java:1002)
at java.base/java.util.stream.ReferencePipeline.forEachWithCancel(ReferencePipeline.java:129)
at java.base/java.util.stream.AbstractPipeline.copyIntoWithCancel(AbstractPipeline.java:527)
at java.base/java.util.stream.AbstractPipeline.copyInto(AbstractPipeline.java:513)
at java.base/java.util.stream.AbstractPipeline.wrapAndCopyInto(AbstractPipeline.java:499)
at java.base/java.util.stream.FindOps$FindOp.evaluateSequential(FindOps.java:150)
at java.base/java.util.stream.AbstractPipeline.evaluate(AbstractPipeline.java:234)
at java.base/java.util.stream.ReferencePipeline.findFirst(ReferencePipeline.java:647)
at org.openqa.selenium.remote.ProtocolHandshake.createSession(ProtocolHandshake.java:128)
at org.openqa.selenium.remote.ProtocolHandshake.createSession(ProtocolHandshake.java:74)
at org.openqa.selenium.remote.HttpCommandExecutor.execute(HttpCommandExecutor.java:136)
at org.openqa.selenium.remote.RemoteWebDriver.execute(RemoteWebDriver.java:552)
at org.openqa.selenium.remote.RemoteWebDriver.startSession(RemoteWebDriver.java:213)
at org.openqa.selenium.remote.RemoteWebDriver.<init>(RemoteWebDriver.java:131)
at org.openqa.selenium.remote.RemoteWebDriver.<init>(RemoteWebDriver.java:144)
at GridDemo.NkTech.amzonLogin(NkTech.java:23)
at java.base/java.util.concurrent.ThreadPoolExecutor.runWorker(ThreadPoolExecutor.java:1136)
at java.base/java.util.concurrent.ThreadPoolExecutor$Worker.run(ThreadPoolExecutor.java:635)
at java.base/java.lang.Thread.run(Thread.java:833)
... Removed 17 stack frames]]>
    </failure>
  </testcase> <!-- amzonLogin -->
  <testcase classname="GridDemo.Amazon" name="amzonLogin" time="12.442"/>
</testsuite> <!-- Test -->
