<?xml version="1.0" encoding="UTF-8"?>
<!-- Generated by org.testng.reporters.JUnitXMLReporter -->
<testsuite ignored="3" hostname="LAPTOP-QS2T60H5" failures="1" tests="1" name="Smoke(failed)" time="0.005" errors="0" timestamp="2022-09-06T23:03:07 EDT">
  <testcase classname="multiBrowserOrCrossBrowser.MultiBrowserOrCrossBrowser" name="testOne" time="0.001">
    <failure type="java.lang.AssertionError" message="expected [true] but found [false]">
      <![CDATA[java.lang.AssertionError: expected [true] but found [false]
at multiBrowserOrCrossBrowser.MultiBrowserOrCrossBrowser.testOne(MultiBrowserOrCrossBrowser.java:9)
at java.base/java.util.ArrayList.forEach(ArrayList.java:1511)
... Removed 31 stack frames]]>
    </failure>
  </testcase> <!-- testOne -->
  <testcase classname="multiBrowserOrCrossBrowser.MultiBrowserOrCrossBrowser" name="testThree" time="0.0">
    <ignored/>
  </testcase> <!-- testThree -->
  <testcase classname="multiBrowserOrCrossBrowser.LaunchBrowsers" name="getBrowser" time="0.0">
    <ignored/>
  </testcase> <!-- getBrowser -->
  <testcase classname="multiBrowserOrCrossBrowser.MultiBrowserOrCrossBrowser" name="testTwo" time="0.0">
    <ignored/>
  </testcase> <!-- testTwo -->
</testsuite> <!-- Smoke(failed) -->
